<!DOCTYPE html PUBLIC "-//W3C//DTD XHTML 1.1//EN" "http://www.w3.org/TR/xhtml11/DTD/xhtml11.dtd">
<html xmlns="http://www.w3.org/1999/xhtml">
<head>
<meta http-equiv="content-type" content="text/html; charset=UTF-8"/>
<title>TestNG Report</title>
<style type="text/css">table {margin-bottom:10px;border-collapse:collapse;empty-cells:show}th,td {border:1px solid #009;padding:.25em .5em}th {vertical-align:bottom}td {vertical-align:top}table a {font-weight:bold}.stripe td {background-color: #E6EBF9}.num {text-align:right}.passedodd td {background-color: #3F3}.passedeven td {background-color: #0A0}.skippedodd td {background-color: #DDD}.skippedeven td {background-color: #CCC}.failedodd td,.attn {background-color: #F33}.failedeven td,.stripe .attn {background-color: #D00}.stacktrace {white-space:pre;font-family:monospace}.totop {font-size:85%;text-align:center;border-bottom:2px solid #000}.invisible {display:none}</style>
</head>
<body>
<table>
<tr><th>Test</th><th># Passed</th><th># Skipped</th><th># Failed</th><th>Time (ms)</th><th>Included Groups</th><th>Excluded Groups</th></tr>
<tr><th colspan="7">Suite</th></tr>
<tr><td><a href="#t0">Test</a></td><td class="num">1</td><td class="num">0</td><td class="num attn">3</td><td class="num">170,836</td><td></td><td></td></tr>
<tr><th colspan="7">Suite (0)</th></tr>
<tr class="stripe"><td><a href="#t1">Test1</a></td><td class="num">1</td><td class="num">0</td><td class="num attn">1</td><td class="num">83,615</td><td></td><td></td></tr>
<tr><th>Total</th><th class="num">2</th><th class="num">0</th><th class="num attn">4</th><th class="num">254,451</th><th colspan="2"></th></tr>
</table>
<table id='summary'><thead><tr><th>Class</th><th>Method</th><th>Start</th><th>Time (ms)</th></tr></thead><tbody><tr><th colspan="4">Suite</th></tr></tbody><tbody id="t0"><tr><th colspan="4">Test &#8212; failed</th></tr><tr class="failedeven"><td rowspan="1">testng.CreatePurchaseOrderSelCopyShippingAddBillingAddPresCbTest</td><td><a href="#m0">createMethodPurchaseOrderSelCopyShippingAddBillingAddPresCbTest</a></td><td rowspan="1">1655888991458</td><td rowspan="1">42660</td></tr><tr class="failedodd"><td rowspan="1">testng.CreatePurchaseOrderSelectCopyShppingAddressCbTest</td><td><a href="#m1">methodCreatePurchaseOrderSelectCopyShppingAddressCrossBrowserTest</a></td><td rowspan="1">1655889044743</td><td rowspan="1">9900</td></tr><tr class="failedeven"><td rowspan="1">testng.CreatePurchaseSelectCopyBillingAddressCbTest</td><td><a href="#m2">createMethodPurchaseSelectCopyBillingAddressTest</a></td><td rowspan="1">1655889064014</td><td rowspan="1">19548</td></tr><tr><th colspan="4">Test &#8212; passed</th></tr><tr class="passedeven"><td rowspan="1">testng.CreatePurchaseSelectCopyBillingAddressShippingAddressEmptyCbTest</td><td><a href="#m3">createMethodPurchaseSelectCopyBillingAddressShippingAddressEmptyTest</a></td><td rowspan="1">1655889093228</td><td rowspan="1">20211</td></tr></tbody>
<tbody><tr><th colspan="4">Suite (0)</th></tr></tbody><tbody id="t1"><tr><th colspan="4">Test1 &#8212; failed</th></tr><tr class="failedeven"><td rowspan="1">testng.CreatePurchaseOrderSelectCopyShppingAddressCbTest</td><td><a href="#m4">methodCreatePurchaseOrderSelectCopyShppingAddressCrossBrowserTest</a></td><td rowspan="1">1655889139768</td><td rowspan="1">29543</td></tr><tr><th colspan="4">Test1 &#8212; passed</th></tr><tr class="passedeven"><td rowspan="1">testng.CreatePurchaseSelectCopyBillingAddressShippingAddressEmptyCbTest</td><td><a href="#m5">createMethodPurchaseSelectCopyBillingAddressShippingAddressEmptyTest</a></td><td rowspan="1">1655889139557</td><td rowspan="1">54047</td></tr></tbody>
</table>
<h2>Test</h2><h3 id="m0">testng.CreatePurchaseOrderSelCopyShippingAddBillingAddPresCbTest#createMethodPurchaseOrderSelCopyShippingAddBillingAddPresCbTest</h3><table class="result"><tr><th>Exception</th></tr><tr><td><div class="stacktrace">java.lang.AssertionError: expected [true] but found [false]
	at testng.CreatePurchaseOrderSelCopyShippingAddBillingAddPresCbTest.createMethodPurchaseOrderSelCopyShippingAddBillingAddPresCbTest(CreatePurchaseOrderSelCopyShippingAddBillingAddPresCbTest.java:59)
... Removed 33 stack frames</div></td></tr></table><p class="totop"><a href="#summary">back to summary</a></p>
<h3 id="m1">testng.CreatePurchaseOrderSelectCopyShppingAddressCbTest#methodCreatePurchaseOrderSelectCopyShppingAddressCrossBrowserTest</h3><table class="result"><tr><th>Exception</th></tr><tr><td><div class="stacktrace">java.lang.AssertionError: null
	at testng.CreatePurchaseOrderSelectCopyShppingAddressCbTest.methodCreatePurchaseOrderSelectCopyShppingAddressCrossBrowserTest(CreatePurchaseOrderSelectCopyShppingAddressCbTest.java:52)
... Removed 31 stack frames</div></td></tr></table><p class="totop"><a href="#summary">back to summary</a></p>
<h3 id="m2">testng.CreatePurchaseSelectCopyBillingAddressCbTest#createMethodPurchaseSelectCopyBillingAddressTest</h3><table class="result"><tr><th>Exception</th></tr><tr><td><div class="stacktrace">java.lang.AssertionError: expected [true] but found [false]
	at testng.CreatePurchaseSelectCopyBillingAddressCbTest.createMethodPurchaseSelectCopyBillingAddressTest(CreatePurchaseSelectCopyBillingAddressCbTest.java:63)
... Removed 33 stack frames</div></td></tr></table><p class="totop"><a href="#summary">back to summary</a></p>
<h3 id="m3">testng.CreatePurchaseSelectCopyBillingAddressShippingAddressEmptyCbTest#createMethodPurchaseSelectCopyBillingAddressShippingAddressEmptyTest</h3><table class="result"><tr><th class="invisible"/></tr></table><p class="totop"><a href="#summary">back to summary</a></p>
<h2>Test1</h2><h3 id="m4">testng.CreatePurchaseOrderSelectCopyShppingAddressCbTest#methodCreatePurchaseOrderSelectCopyShppingAddressCrossBrowserTest</h3><table class="result"><tr><th>Exception</th></tr><tr><td><div class="stacktrace">java.lang.AssertionError: null
	at testng.CreatePurchaseOrderSelectCopyShppingAddressCbTest.methodCreatePurchaseOrderSelectCopyShppingAddressCrossBrowserTest(CreatePurchaseOrderSelectCopyShppingAddressCbTest.java:52)
	at java.util.concurrent.ThreadPoolExecutor.runWorker(ThreadPoolExecutor.java:1149)
	at java.util.concurrent.ThreadPoolExecutor$Worker.run(ThreadPoolExecutor.java:624)
	at java.lang.Thread.run(Thread.java:748)
... Removed 12 stack frames</div></td></tr></table><p class="totop"><a href="#summary">back to summary</a></p>
<h3 id="m5">testng.CreatePurchaseSelectCopyBillingAddressShippingAddressEmptyCbTest#createMethodPurchaseSelectCopyBillingAddressShippingAddressEmptyTest</h3><table class="result"><tr><th class="invisible"/></tr></table><p class="totop"><a href="#summary">back to summary</a></p>
</body>
</html>
