<?xml version="1.0" encoding="UTF-8"?>
<testng-results skipped="0" failed="4" ignored="12" total="18" passed="2">
  <reporter-output>
  </reporter-output>
  <suite name="Suite" duration-ms="170836" started-at="2022-06-22T09:09:05Z" finished-at="2022-06-22T09:11:55Z">
    <groups>
    </groups>
    <test name="Test" duration-ms="170836" started-at="2022-06-22T09:09:05Z" finished-at="2022-06-22T09:11:55Z">
      <class name="testng.CreatePurchaseSelectCopyBillingAddressShippingAddressEmptyCbTest">
        <test-method status="PASS" signature="launchTheBrowser()[pri:0, instance:testng.CreatePurchaseSelectCopyBillingAddressShippingAddressEmptyCbTest@2f177a4b]" name="launchTheBrowser" is-config="true" duration-ms="2801" started-at="2022-06-22T09:11:26Z" finished-at="2022-06-22T09:11:29Z">
          <reporter-output>
          </reporter-output>
        </test-method> <!-- launchTheBrowser -->
        <test-method status="PASS" signature="loginToApplication()[pri:0, instance:testng.CreatePurchaseSelectCopyBillingAddressShippingAddressEmptyCbTest@2f177a4b]" name="loginToApplication" is-config="true" duration-ms="3728" started-at="2022-06-22T09:11:29Z" finished-at="2022-06-22T09:11:33Z">
          <reporter-output>
          </reporter-output>
        </test-method> <!-- loginToApplication -->
        <test-method status="PASS" signature="createMethodPurchaseSelectCopyBillingAddressShippingAddressEmptyTest()[pri:0, instance:testng.CreatePurchaseSelectCopyBillingAddressShippingAddressEmptyCbTest@2f177a4b]" name="createMethodPurchaseSelectCopyBillingAddressShippingAddressEmptyTest" duration-ms="20211" started-at="2022-06-22T09:11:33Z" finished-at="2022-06-22T09:11:53Z">
          <reporter-output>
          </reporter-output>
        </test-method> <!-- createMethodPurchaseSelectCopyBillingAddressShippingAddressEmptyTest -->
        <test-method status="PASS" signature="logoutFromApplication()[pri:0, instance:testng.CreatePurchaseSelectCopyBillingAddressShippingAddressEmptyCbTest@2f177a4b]" name="logoutFromApplication" is-config="true" duration-ms="1866" started-at="2022-06-22T09:11:53Z" finished-at="2022-06-22T09:11:55Z">
          <reporter-output>
          </reporter-output>
        </test-method> <!-- logoutFromApplication -->
        <test-method status="PASS" signature="closeTheBrowser()[pri:0, instance:testng.CreatePurchaseSelectCopyBillingAddressShippingAddressEmptyCbTest@2f177a4b]" name="closeTheBrowser" is-config="true" duration-ms="571" started-at="2022-06-22T09:11:55Z" finished-at="2022-06-22T09:11:55Z">
          <reporter-output>
          </reporter-output>
        </test-method> <!-- closeTheBrowser -->
      </class> <!-- testng.CreatePurchaseSelectCopyBillingAddressShippingAddressEmptyCbTest -->
      <class name="testng.CreatePurchaseOrderSelCopyShippingAddBillingAddPresCbTest">
        <test-method status="PASS" signature="dbConfig()[pri:0, instance:testng.CreatePurchaseOrderSelCopyShippingAddBillingAddPresCbTest@2928854b]" name="dbConfig" is-config="true" duration-ms="16" started-at="2022-06-22T09:09:05Z" finished-at="2022-06-22T09:09:05Z">
          <reporter-output>
          </reporter-output>
        </test-method> <!-- dbConfig -->
        <test-method status="PASS" signature="launchTheBrowser()[pri:0, instance:testng.CreatePurchaseOrderSelCopyShippingAddBillingAddPresCbTest@2928854b]" name="launchTheBrowser" is-config="true" duration-ms="36638" started-at="2022-06-22T09:09:05Z" finished-at="2022-06-22T09:09:41Z">
          <reporter-output>
          </reporter-output>
        </test-method> <!-- launchTheBrowser -->
        <test-method status="PASS" signature="loginToApplication()[pri:0, instance:testng.CreatePurchaseOrderSelCopyShippingAddBillingAddPresCbTest@2928854b]" name="loginToApplication" is-config="true" duration-ms="9751" started-at="2022-06-22T09:09:41Z" finished-at="2022-06-22T09:09:51Z">
          <reporter-output>
          </reporter-output>
        </test-method> <!-- loginToApplication -->
        <test-method status="FAIL" signature="createMethodPurchaseOrderSelCopyShippingAddBillingAddPresCbTest()[pri:0, instance:testng.CreatePurchaseOrderSelCopyShippingAddBillingAddPresCbTest@2928854b]" name="createMethodPurchaseOrderSelCopyShippingAddBillingAddPresCbTest" duration-ms="42660" started-at="2022-06-22T09:09:51Z" finished-at="2022-06-22T09:10:34Z">
          <exception class="java.lang.AssertionError">
            <message>
              <![CDATA[expected [true] but found [false]]]>
            </message>
            <full-stacktrace>
              <![CDATA[java.lang.AssertionError: expected [true] but found [false]
at org.testng.Assert.fail(Assert.java:96)
at org.testng.Assert.failNotEquals(Assert.java:776)
at org.testng.Assert.assertTrue(Assert.java:44)
at org.testng.Assert.assertTrue(Assert.java:54)
at testng.CreatePurchaseOrderSelCopyShippingAddBillingAddPresCbTest.createMethodPurchaseOrderSelCopyShippingAddBillingAddPresCbTest(CreatePurchaseOrderSelCopyShippingAddBillingAddPresCbTest.java:59)
at sun.reflect.NativeMethodAccessorImpl.invoke0(Native Method)
at sun.reflect.NativeMethodAccessorImpl.invoke(NativeMethodAccessorImpl.java:62)
at sun.reflect.DelegatingMethodAccessorImpl.invoke(DelegatingMethodAccessorImpl.java:43)
at java.lang.reflect.Method.invoke(Method.java:498)
at org.testng.internal.MethodInvocationHelper.invokeMethod(MethodInvocationHelper.java:124)
at org.testng.internal.Invoker.invokeMethod(Invoker.java:583)
at org.testng.internal.Invoker.invokeTestMethod(Invoker.java:719)
at org.testng.internal.Invoker.invokeTestMethods(Invoker.java:989)
at org.testng.internal.TestMethodWorker.invokeTestMethods(TestMethodWorker.java:125)
at org.testng.internal.TestMethodWorker.run(TestMethodWorker.java:109)
at org.testng.TestRunner.privateRun(TestRunner.java:648)
at org.testng.TestRunner.run(TestRunner.java:505)
at org.testng.SuiteRunner.runTest(SuiteRunner.java:455)
at org.testng.SuiteRunner.runSequentially(SuiteRunner.java:450)
at org.testng.SuiteRunner.privateRun(SuiteRunner.java:415)
at org.testng.SuiteRunner.run(SuiteRunner.java:364)
at org.testng.SuiteRunnerWorker.runSuite(SuiteRunnerWorker.java:52)
at org.testng.SuiteRunnerWorker.run(SuiteRunnerWorker.java:84)
at org.testng.TestNG.runSuitesSequentially(TestNG.java:1208)
at org.testng.TestNG.runSuitesLocally(TestNG.java:1137)
at org.testng.TestNG.runSuites(TestNG.java:1049)
at org.testng.TestNG.run(TestNG.java:1017)
at org.apache.maven.surefire.testng.TestNGExecutor.run(TestNGExecutor.java:324)
at org.apache.maven.surefire.testng.TestNGXmlTestSuite.execute(TestNGXmlTestSuite.java:74)
at org.apache.maven.surefire.testng.TestNGProvider.invoke(TestNGProvider.java:123)
at org.apache.maven.surefire.booter.ForkedBooter.runSuitesInProcess(ForkedBooter.java:456)
at org.apache.maven.surefire.booter.ForkedBooter.execute(ForkedBooter.java:169)
at org.apache.maven.surefire.booter.ForkedBooter.run(ForkedBooter.java:595)
at org.apache.maven.surefire.booter.ForkedBooter.main(ForkedBooter.java:581)
]]>
            </full-stacktrace>
          </exception> <!-- java.lang.AssertionError -->
          <reporter-output>
          </reporter-output>
        </test-method> <!-- createMethodPurchaseOrderSelCopyShippingAddBillingAddPresCbTest -->
        <test-method status="PASS" signature="logoutFromApplication()[pri:0, instance:testng.CreatePurchaseOrderSelCopyShippingAddBillingAddPresCbTest@2928854b]" name="logoutFromApplication" is-config="true" duration-ms="2710" started-at="2022-06-22T09:10:34Z" finished-at="2022-06-22T09:10:37Z">
          <reporter-output>
          </reporter-output>
        </test-method> <!-- logoutFromApplication -->
        <test-method status="PASS" signature="closeTheBrowser()[pri:0, instance:testng.CreatePurchaseOrderSelCopyShippingAddBillingAddPresCbTest@2928854b]" name="closeTheBrowser" is-config="true" duration-ms="700" started-at="2022-06-22T09:10:37Z" finished-at="2022-06-22T09:10:37Z">
          <reporter-output>
          </reporter-output>
        </test-method> <!-- closeTheBrowser -->
        <test-method status="PASS" signature="closeDbConfig()[pri:0, instance:testng.CreatePurchaseOrderSelCopyShippingAddBillingAddPresCbTest@2928854b]" name="closeDbConfig" is-config="true" duration-ms="1" started-at="2022-06-22T09:11:55Z" finished-at="2022-06-22T09:11:55Z">
          <reporter-output>
          </reporter-output>
        </test-method> <!-- closeDbConfig -->
      </class> <!-- testng.CreatePurchaseOrderSelCopyShippingAddBillingAddPresCbTest -->
      <class name="testng.CreatePurchaseSelectCopyBillingAddressCbTest">
        <test-method status="PASS" signature="launchTheBrowser()[pri:0, instance:testng.CreatePurchaseSelectCopyBillingAddressCbTest@29176cc1]" name="launchTheBrowser" is-config="true" duration-ms="3156" started-at="2022-06-22T09:10:56Z" finished-at="2022-06-22T09:11:00Z">
          <reporter-output>
          </reporter-output>
        </test-method> <!-- launchTheBrowser -->
        <test-method status="PASS" signature="loginToApplication()[pri:0, instance:testng.CreatePurchaseSelectCopyBillingAddressCbTest@29176cc1]" name="loginToApplication" is-config="true" duration-ms="3861" started-at="2022-06-22T09:11:00Z" finished-at="2022-06-22T09:11:04Z">
          <reporter-output>
          </reporter-output>
        </test-method> <!-- loginToApplication -->
        <test-method status="FAIL" signature="createMethodPurchaseSelectCopyBillingAddressTest()[pri:0, instance:testng.CreatePurchaseSelectCopyBillingAddressCbTest@29176cc1]" name="createMethodPurchaseSelectCopyBillingAddressTest" duration-ms="19548" started-at="2022-06-22T09:11:04Z" finished-at="2022-06-22T09:11:23Z">
          <exception class="java.lang.AssertionError">
            <message>
              <![CDATA[expected [true] but found [false]]]>
            </message>
            <full-stacktrace>
              <![CDATA[java.lang.AssertionError: expected [true] but found [false]
at org.testng.Assert.fail(Assert.java:96)
at org.testng.Assert.failNotEquals(Assert.java:776)
at org.testng.Assert.assertTrue(Assert.java:44)
at org.testng.Assert.assertTrue(Assert.java:54)
at testng.CreatePurchaseSelectCopyBillingAddressCbTest.createMethodPurchaseSelectCopyBillingAddressTest(CreatePurchaseSelectCopyBillingAddressCbTest.java:63)
at sun.reflect.NativeMethodAccessorImpl.invoke0(Native Method)
at sun.reflect.NativeMethodAccessorImpl.invoke(NativeMethodAccessorImpl.java:62)
at sun.reflect.DelegatingMethodAccessorImpl.invoke(DelegatingMethodAccessorImpl.java:43)
at java.lang.reflect.Method.invoke(Method.java:498)
at org.testng.internal.MethodInvocationHelper.invokeMethod(MethodInvocationHelper.java:124)
at org.testng.internal.Invoker.invokeMethod(Invoker.java:583)
at org.testng.internal.Invoker.invokeTestMethod(Invoker.java:719)
at org.testng.internal.Invoker.invokeTestMethods(Invoker.java:989)
at org.testng.internal.TestMethodWorker.invokeTestMethods(TestMethodWorker.java:125)
at org.testng.internal.TestMethodWorker.run(TestMethodWorker.java:109)
at org.testng.TestRunner.privateRun(TestRunner.java:648)
at org.testng.TestRunner.run(TestRunner.java:505)
at org.testng.SuiteRunner.runTest(SuiteRunner.java:455)
at org.testng.SuiteRunner.runSequentially(SuiteRunner.java:450)
at org.testng.SuiteRunner.privateRun(SuiteRunner.java:415)
at org.testng.SuiteRunner.run(SuiteRunner.java:364)
at org.testng.SuiteRunnerWorker.runSuite(SuiteRunnerWorker.java:52)
at org.testng.SuiteRunnerWorker.run(SuiteRunnerWorker.java:84)
at org.testng.TestNG.runSuitesSequentially(TestNG.java:1208)
at org.testng.TestNG.runSuitesLocally(TestNG.java:1137)
at org.testng.TestNG.runSuites(TestNG.java:1049)
at org.testng.TestNG.run(TestNG.java:1017)
at org.apache.maven.surefire.testng.TestNGExecutor.run(TestNGExecutor.java:324)
at org.apache.maven.surefire.testng.TestNGXmlTestSuite.execute(TestNGXmlTestSuite.java:74)
at org.apache.maven.surefire.testng.TestNGProvider.invoke(TestNGProvider.java:123)
at org.apache.maven.surefire.booter.ForkedBooter.runSuitesInProcess(ForkedBooter.java:456)
at org.apache.maven.surefire.booter.ForkedBooter.execute(ForkedBooter.java:169)
at org.apache.maven.surefire.booter.ForkedBooter.run(ForkedBooter.java:595)
at org.apache.maven.surefire.booter.ForkedBooter.main(ForkedBooter.java:581)
]]>
            </full-stacktrace>
          </exception> <!-- java.lang.AssertionError -->
          <reporter-output>
          </reporter-output>
        </test-method> <!-- createMethodPurchaseSelectCopyBillingAddressTest -->
        <test-method status="PASS" signature="logoutFromApplication()[pri:0, instance:testng.CreatePurchaseSelectCopyBillingAddressCbTest@29176cc1]" name="logoutFromApplication" is-config="true" duration-ms="2240" started-at="2022-06-22T09:11:23Z" finished-at="2022-06-22T09:11:25Z">
          <reporter-output>
          </reporter-output>
        </test-method> <!-- logoutFromApplication -->
        <test-method status="PASS" signature="closeTheBrowser()[pri:0, instance:testng.CreatePurchaseSelectCopyBillingAddressCbTest@29176cc1]" name="closeTheBrowser" is-config="true" duration-ms="727" started-at="2022-06-22T09:11:25Z" finished-at="2022-06-22T09:11:26Z">
          <reporter-output>
          </reporter-output>
        </test-method> <!-- closeTheBrowser -->
      </class> <!-- testng.CreatePurchaseSelectCopyBillingAddressCbTest -->
      <class name="testng.CreatePurchaseOrderSelectCopyShppingAddressCbTest">
        <test-method status="PASS" signature="launchTheBrowser()[pri:0, instance:testng.CreatePurchaseOrderSelectCopyShppingAddressCbTest@27ae2fd0]" name="launchTheBrowser" is-config="true" duration-ms="3244" started-at="2022-06-22T09:10:37Z" finished-at="2022-06-22T09:10:41Z">
          <reporter-output>
          </reporter-output>
        </test-method> <!-- launchTheBrowser -->
        <test-method status="PASS" signature="loginToApplication()[pri:0, instance:testng.CreatePurchaseOrderSelectCopyShppingAddressCbTest@27ae2fd0]" name="loginToApplication" is-config="true" duration-ms="3694" started-at="2022-06-22T09:10:41Z" finished-at="2022-06-22T09:10:44Z">
          <reporter-output>
          </reporter-output>
        </test-method> <!-- loginToApplication -->
        <test-method status="FAIL" signature="methodCreatePurchaseOrderSelectCopyShppingAddressCrossBrowserTest()[pri:0, instance:testng.CreatePurchaseOrderSelectCopyShppingAddressCbTest@27ae2fd0]" name="methodCreatePurchaseOrderSelectCopyShppingAddressCrossBrowserTest" duration-ms="9900" started-at="2022-06-22T09:10:44Z" finished-at="2022-06-22T09:10:54Z">
          <exception class="java.lang.AssertionError">
            <message>
              <![CDATA[null]]>
            </message>
            <full-stacktrace>
              <![CDATA[java.lang.AssertionError: null
at org.testng.Assert.fail(Assert.java:96)
at org.testng.Assert.fail(Assert.java:103)
at testng.CreatePurchaseOrderSelectCopyShppingAddressCbTest.methodCreatePurchaseOrderSelectCopyShppingAddressCrossBrowserTest(CreatePurchaseOrderSelectCopyShppingAddressCbTest.java:52)
at sun.reflect.NativeMethodAccessorImpl.invoke0(Native Method)
at sun.reflect.NativeMethodAccessorImpl.invoke(NativeMethodAccessorImpl.java:62)
at sun.reflect.DelegatingMethodAccessorImpl.invoke(DelegatingMethodAccessorImpl.java:43)
at java.lang.reflect.Method.invoke(Method.java:498)
at org.testng.internal.MethodInvocationHelper.invokeMethod(MethodInvocationHelper.java:124)
at org.testng.internal.Invoker.invokeMethod(Invoker.java:583)
at org.testng.internal.Invoker.invokeTestMethod(Invoker.java:719)
at org.testng.internal.Invoker.invokeTestMethods(Invoker.java:989)
at org.testng.internal.TestMethodWorker.invokeTestMethods(TestMethodWorker.java:125)
at org.testng.internal.TestMethodWorker.run(TestMethodWorker.java:109)
at org.testng.TestRunner.privateRun(TestRunner.java:648)
at org.testng.TestRunner.run(TestRunner.java:505)
at org.testng.SuiteRunner.runTest(SuiteRunner.java:455)
at org.testng.SuiteRunner.runSequentially(SuiteRunner.java:450)
at org.testng.SuiteRunner.privateRun(SuiteRunner.java:415)
at org.testng.SuiteRunner.run(SuiteRunner.java:364)
at org.testng.SuiteRunnerWorker.runSuite(SuiteRunnerWorker.java:52)
at org.testng.SuiteRunnerWorker.run(SuiteRunnerWorker.java:84)
at org.testng.TestNG.runSuitesSequentially(TestNG.java:1208)
at org.testng.TestNG.runSuitesLocally(TestNG.java:1137)
at org.testng.TestNG.runSuites(TestNG.java:1049)
at org.testng.TestNG.run(TestNG.java:1017)
at org.apache.maven.surefire.testng.TestNGExecutor.run(TestNGExecutor.java:324)
at org.apache.maven.surefire.testng.TestNGXmlTestSuite.execute(TestNGXmlTestSuite.java:74)
at org.apache.maven.surefire.testng.TestNGProvider.invoke(TestNGProvider.java:123)
at org.apache.maven.surefire.booter.ForkedBooter.runSuitesInProcess(ForkedBooter.java:456)
at org.apache.maven.surefire.booter.ForkedBooter.execute(ForkedBooter.java:169)
at org.apache.maven.surefire.booter.ForkedBooter.run(ForkedBooter.java:595)
at org.apache.maven.surefire.booter.ForkedBooter.main(ForkedBooter.java:581)
]]>
            </full-stacktrace>
          </exception> <!-- java.lang.AssertionError -->
          <reporter-output>
          </reporter-output>
        </test-method> <!-- methodCreatePurchaseOrderSelectCopyShppingAddressCrossBrowserTest -->
        <test-method status="PASS" signature="logoutFromApplication()[pri:0, instance:testng.CreatePurchaseOrderSelectCopyShppingAddressCbTest@27ae2fd0]" name="logoutFromApplication" is-config="true" duration-ms="1606" started-at="2022-06-22T09:10:54Z" finished-at="2022-06-22T09:10:56Z">
          <reporter-output>
          </reporter-output>
        </test-method> <!-- logoutFromApplication -->
        <test-method status="PASS" signature="closeTheBrowser()[pri:0, instance:testng.CreatePurchaseOrderSelectCopyShppingAddressCbTest@27ae2fd0]" name="closeTheBrowser" is-config="true" duration-ms="541" started-at="2022-06-22T09:10:56Z" finished-at="2022-06-22T09:10:56Z">
          <reporter-output>
          </reporter-output>
        </test-method> <!-- closeTheBrowser -->
      </class> <!-- testng.CreatePurchaseOrderSelectCopyShppingAddressCbTest -->
    </test> <!-- Test -->
  </suite> <!-- Suite -->
  <suite name="Suite (0)" duration-ms="83615" started-at="2022-06-22T09:11:55Z" finished-at="2022-06-22T09:13:19Z">
    <groups>
    </groups>
    <test name="Test1" duration-ms="83615" started-at="2022-06-22T09:11:55Z" finished-at="2022-06-22T09:13:19Z">
      <class name="testng.CreatePurchaseSelectCopyBillingAddressShippingAddressEmptyCbTest">
        <test-method status="PASS" signature="launchTheBrowser()[pri:0, instance:testng.CreatePurchaseSelectCopyBillingAddressShippingAddressEmptyCbTest@5dd6264]" name="launchTheBrowser" is-config="true" duration-ms="10223" started-at="2022-06-22T09:11:55Z" finished-at="2022-06-22T09:12:06Z">
          <reporter-output>
          </reporter-output>
        </test-method> <!-- launchTheBrowser -->
        <test-method status="PASS" signature="loginToApplication()[pri:0, instance:testng.CreatePurchaseSelectCopyBillingAddressShippingAddressEmptyCbTest@5dd6264]" name="loginToApplication" is-config="true" duration-ms="13387" started-at="2022-06-22T09:12:06Z" finished-at="2022-06-22T09:12:19Z">
          <reporter-output>
          </reporter-output>
        </test-method> <!-- loginToApplication -->
        <test-method status="PASS" signature="createMethodPurchaseSelectCopyBillingAddressShippingAddressEmptyTest()[pri:0, instance:testng.CreatePurchaseSelectCopyBillingAddressShippingAddressEmptyCbTest@5dd6264]" name="createMethodPurchaseSelectCopyBillingAddressShippingAddressEmptyTest" duration-ms="54047" started-at="2022-06-22T09:12:19Z" finished-at="2022-06-22T09:13:13Z">
          <reporter-output>
          </reporter-output>
        </test-method> <!-- createMethodPurchaseSelectCopyBillingAddressShippingAddressEmptyTest -->
        <test-method status="PASS" signature="logoutFromApplication()[pri:0, instance:testng.CreatePurchaseSelectCopyBillingAddressShippingAddressEmptyCbTest@5dd6264]" name="logoutFromApplication" is-config="true" duration-ms="2886" started-at="2022-06-22T09:13:13Z" finished-at="2022-06-22T09:13:16Z">
          <reporter-output>
          </reporter-output>
        </test-method> <!-- logoutFromApplication -->
        <test-method status="PASS" signature="closeTheBrowser()[pri:0, instance:testng.CreatePurchaseSelectCopyBillingAddressShippingAddressEmptyCbTest@5dd6264]" name="closeTheBrowser" is-config="true" duration-ms="991" started-at="2022-06-22T09:13:16Z" finished-at="2022-06-22T09:13:17Z">
          <reporter-output>
          </reporter-output>
        </test-method> <!-- closeTheBrowser -->
      </class> <!-- testng.CreatePurchaseSelectCopyBillingAddressShippingAddressEmptyCbTest -->
      <class name="testng.CreatePurchaseOrderSelCopyShippingAddBillingAddPresCbTest">
        <test-method status="PASS" signature="dbConfig()[pri:0, instance:testng.CreatePurchaseOrderSelCopyShippingAddBillingAddPresCbTest@647fd8ce]" name="dbConfig" is-config="true" duration-ms="0" started-at="2022-06-22T09:11:55Z" finished-at="2022-06-22T09:11:55Z">
          <reporter-output>
          </reporter-output>
        </test-method> <!-- dbConfig -->
        <test-method status="PASS" signature="launchTheBrowser()[pri:0, instance:testng.CreatePurchaseOrderSelCopyShippingAddBillingAddPresCbTest@647fd8ce]" name="launchTheBrowser" is-config="true" duration-ms="10222" started-at="2022-06-22T09:11:55Z" finished-at="2022-06-22T09:12:06Z">
          <reporter-output>
          </reporter-output>
        </test-method> <!-- launchTheBrowser -->
        <test-method status="PASS" signature="loginToApplication()[pri:0, instance:testng.CreatePurchaseOrderSelCopyShippingAddBillingAddPresCbTest@647fd8ce]" name="loginToApplication" is-config="true" duration-ms="11896" started-at="2022-06-22T09:12:06Z" finished-at="2022-06-22T09:12:18Z">
          <reporter-output>
          </reporter-output>
        </test-method> <!-- loginToApplication -->
        <test-method status="PASS" signature="closeTheBrowser()[pri:0, instance:testng.CreatePurchaseOrderSelCopyShippingAddBillingAddPresCbTest@647fd8ce]" name="closeTheBrowser" is-config="true" duration-ms="2224" started-at="2022-06-22T09:13:14Z" finished-at="2022-06-22T09:13:16Z">
          <reporter-output>
          </reporter-output>
        </test-method> <!-- closeTheBrowser -->
        <test-method status="PASS" signature="closeDbConfig()[pri:0, instance:testng.CreatePurchaseOrderSelCopyShippingAddBillingAddPresCbTest@647fd8ce]" name="closeDbConfig" is-config="true" duration-ms="0" started-at="2022-06-22T09:13:19Z" finished-at="2022-06-22T09:13:19Z">
          <reporter-output>
          </reporter-output>
        </test-method> <!-- closeDbConfig -->
      </class> <!-- testng.CreatePurchaseOrderSelCopyShippingAddBillingAddPresCbTest -->
      <class name="testng.CreatePurchaseSelectCopyBillingAddressCbTest">
        <test-method status="PASS" signature="launchTheBrowser()[pri:0, instance:testng.CreatePurchaseSelectCopyBillingAddressCbTest@78aab498]" name="launchTheBrowser" is-config="true" duration-ms="10230" started-at="2022-06-22T09:11:55Z" finished-at="2022-06-22T09:12:06Z">
          <reporter-output>
          </reporter-output>
        </test-method> <!-- launchTheBrowser -->
        <test-method status="PASS" signature="loginToApplication()[pri:0, instance:testng.CreatePurchaseSelectCopyBillingAddressCbTest@78aab498]" name="loginToApplication" is-config="true" duration-ms="14124" started-at="2022-06-22T09:12:06Z" finished-at="2022-06-22T09:12:20Z">
          <reporter-output>
          </reporter-output>
        </test-method> <!-- loginToApplication -->
        <test-method status="PASS" signature="closeTheBrowser()[pri:0, instance:testng.CreatePurchaseSelectCopyBillingAddressCbTest@78aab498]" name="closeTheBrowser" is-config="true" duration-ms="5147" started-at="2022-06-22T09:13:14Z" finished-at="2022-06-22T09:13:19Z">
          <reporter-output>
          </reporter-output>
        </test-method> <!-- closeTheBrowser -->
      </class> <!-- testng.CreatePurchaseSelectCopyBillingAddressCbTest -->
      <class name="testng.CreatePurchaseOrderSelectCopyShppingAddressCbTest">
        <test-method status="PASS" signature="launchTheBrowser()[pri:0, instance:testng.CreatePurchaseOrderSelectCopyShppingAddressCbTest@159f197]" name="launchTheBrowser" is-config="true" duration-ms="10080" started-at="2022-06-22T09:11:55Z" finished-at="2022-06-22T09:12:06Z">
          <reporter-output>
          </reporter-output>
        </test-method> <!-- launchTheBrowser -->
        <test-method status="PASS" signature="loginToApplication()[pri:0, instance:testng.CreatePurchaseOrderSelectCopyShppingAddressCbTest@159f197]" name="loginToApplication" is-config="true" duration-ms="13740" started-at="2022-06-22T09:12:06Z" finished-at="2022-06-22T09:12:19Z">
          <reporter-output>
          </reporter-output>
        </test-method> <!-- loginToApplication -->
        <test-method status="FAIL" signature="methodCreatePurchaseOrderSelectCopyShppingAddressCrossBrowserTest()[pri:0, instance:testng.CreatePurchaseOrderSelectCopyShppingAddressCbTest@159f197]" name="methodCreatePurchaseOrderSelectCopyShppingAddressCrossBrowserTest" duration-ms="29543" started-at="2022-06-22T09:12:19Z" finished-at="2022-06-22T09:12:49Z">
          <exception class="java.lang.AssertionError">
            <message>
              <![CDATA[null]]>
            </message>
            <full-stacktrace>
              <![CDATA[java.lang.AssertionError: null
at org.testng.Assert.fail(Assert.java:96)
at org.testng.Assert.fail(Assert.java:103)
at testng.CreatePurchaseOrderSelectCopyShppingAddressCbTest.methodCreatePurchaseOrderSelectCopyShppingAddressCrossBrowserTest(CreatePurchaseOrderSelectCopyShppingAddressCbTest.java:52)
at sun.reflect.NativeMethodAccessorImpl.invoke0(Native Method)
at sun.reflect.NativeMethodAccessorImpl.invoke(NativeMethodAccessorImpl.java:62)
at sun.reflect.DelegatingMethodAccessorImpl.invoke(DelegatingMethodAccessorImpl.java:43)
at java.lang.reflect.Method.invoke(Method.java:498)
at org.testng.internal.MethodInvocationHelper.invokeMethod(MethodInvocationHelper.java:124)
at org.testng.internal.Invoker.invokeMethod(Invoker.java:583)
at org.testng.internal.Invoker.invokeTestMethod(Invoker.java:719)
at org.testng.internal.Invoker.invokeTestMethods(Invoker.java:989)
at org.testng.internal.TestMethodWorker.invokeTestMethods(TestMethodWorker.java:125)
at org.testng.internal.TestMethodWorker.run(TestMethodWorker.java:109)
at java.util.concurrent.ThreadPoolExecutor.runWorker(ThreadPoolExecutor.java:1149)
at java.util.concurrent.ThreadPoolExecutor$Worker.run(ThreadPoolExecutor.java:624)
at java.lang.Thread.run(Thread.java:748)
]]>
            </full-stacktrace>
          </exception> <!-- java.lang.AssertionError -->
          <reporter-output>
          </reporter-output>
        </test-method> <!-- methodCreatePurchaseOrderSelectCopyShppingAddressCrossBrowserTest -->
        <test-method status="PASS" signature="logoutFromApplication()[pri:0, instance:testng.CreatePurchaseOrderSelectCopyShppingAddressCbTest@159f197]" name="logoutFromApplication" is-config="true" duration-ms="4642" started-at="2022-06-22T09:12:49Z" finished-at="2022-06-22T09:12:54Z">
          <reporter-output>
          </reporter-output>
        </test-method> <!-- logoutFromApplication -->
        <test-method status="PASS" signature="closeTheBrowser()[pri:0, instance:testng.CreatePurchaseOrderSelectCopyShppingAddressCbTest@159f197]" name="closeTheBrowser" is-config="true" duration-ms="19926" started-at="2022-06-22T09:12:54Z" finished-at="2022-06-22T09:13:14Z">
          <reporter-output>
          </reporter-output>
        </test-method> <!-- closeTheBrowser -->
      </class> <!-- testng.CreatePurchaseOrderSelectCopyShppingAddressCbTest -->
    </test> <!-- Test1 -->
  </suite> <!-- Suite (0) -->
</testng-results>
