<?xml version="1.0" encoding="UTF-8"?>
<!-- Generated by org.testng.reporters.JUnitXMLReporter -->
<testsuite hostname="DESKTOP-VC3249G" ignored="6" name="Test1" tests="2" failures="1" timestamp="22 Jun 2022 09:13:19 GMT" time="83.615" errors="0">
  <testcase name="methodCreatePurchaseOrderSelectCopyShppingAddressCrossBrowserTest" time="29.543" classname="testng.CreatePurchaseOrderSelectCopyShppingAddressCbTest">
    <failure type="java.lang.AssertionError" message="null">
      <![CDATA[java.lang.AssertionError: null
at testng.CreatePurchaseOrderSelectCopyShppingAddressCbTest.methodCreatePurchaseOrderSelectCopyShppingAddressCrossBrowserTest(CreatePurchaseOrderSelectCopyShppingAddressCbTest.java:52)
at java.util.concurrent.ThreadPoolExecutor.runWorker(ThreadPoolExecutor.java:1149)
at java.util.concurrent.ThreadPoolExecutor$Worker.run(ThreadPoolExecutor.java:624)
at java.lang.Thread.run(Thread.java:748)
... Removed 12 stack frames]]>
    </failure>
  </testcase> <!-- methodCreatePurchaseOrderSelectCopyShppingAddressCrossBrowserTest -->
  <testcase name="createMethodPurchaseSelectCopyBillingAddressShippingAddressEmptyTest" time="54.047" classname="testng.CreatePurchaseSelectCopyBillingAddressShippingAddressEmptyCbTest"/>
  <testcase name="@AfterSuite closeDbConfig" time="0.0" classname="com.crm.SDET35.genericutilities.BaseClass">
    <ignored/>
  </testcase> <!-- @AfterSuite closeDbConfig -->
  <testcase name="@AfterSuite closeDbConfig" time="0.0" classname="com.crm.SDET35.genericutilities.BaseClass">
    <ignored/>
  </testcase> <!-- @AfterSuite closeDbConfig -->
  <testcase name="@AfterSuite closeDbConfig" time="0.0" classname="com.crm.SDET35.genericutilities.BaseClass">
    <ignored/>
  </testcase> <!-- @AfterSuite closeDbConfig -->
  <testcase name="@BeforeSuite dbConfig" time="0.0" classname="com.crm.SDET35.genericutilities.BaseClass">
    <ignored/>
  </testcase> <!-- @BeforeSuite dbConfig -->
  <testcase name="@BeforeSuite dbConfig" time="0.0" classname="com.crm.SDET35.genericutilities.BaseClass">
    <ignored/>
  </testcase> <!-- @BeforeSuite dbConfig -->
  <testcase name="@BeforeSuite dbConfig" time="0.0" classname="com.crm.SDET35.genericutilities.BaseClass">
    <ignored/>
  </testcase> <!-- @BeforeSuite dbConfig -->
</testsuite> <!-- Test1 -->
