<?xml version="1.0" encoding="UTF-8"?>
<!-- Generated by org.testng.reporters.JUnitXMLReporter -->
<testsuite hostname="DESKTOP-VC3249G" ignored="6" name="Test" tests="4" failures="3" timestamp="22 Jun 2022 09:11:55 GMT" time="170.836" errors="0">
  <testcase name="createMethodPurchaseOrderSelCopyShippingAddBillingAddPresCbTest" time="42.66" classname="testng.CreatePurchaseOrderSelCopyShippingAddBillingAddPresCbTest">
    <failure type="java.lang.AssertionError" message="expected [true] but found [false]">
      <![CDATA[java.lang.AssertionError: expected [true] but found [false]
at testng.CreatePurchaseOrderSelCopyShippingAddBillingAddPresCbTest.createMethodPurchaseOrderSelCopyShippingAddBillingAddPresCbTest(CreatePurchaseOrderSelCopyShippingAddBillingAddPresCbTest.java:59)
... Removed 33 stack frames]]>
    </failure>
  </testcase> <!-- createMethodPurchaseOrderSelCopyShippingAddBillingAddPresCbTest -->
  <testcase name="methodCreatePurchaseOrderSelectCopyShppingAddressCrossBrowserTest" time="9.9" classname="testng.CreatePurchaseOrderSelectCopyShppingAddressCbTest">
    <failure type="java.lang.AssertionError" message="null">
      <![CDATA[java.lang.AssertionError: null
at testng.CreatePurchaseOrderSelectCopyShppingAddressCbTest.methodCreatePurchaseOrderSelectCopyShppingAddressCrossBrowserTest(CreatePurchaseOrderSelectCopyShppingAddressCbTest.java:52)
... Removed 31 stack frames]]>
    </failure>
  </testcase> <!-- methodCreatePurchaseOrderSelectCopyShppingAddressCrossBrowserTest -->
  <testcase name="createMethodPurchaseSelectCopyBillingAddressTest" time="19.548" classname="testng.CreatePurchaseSelectCopyBillingAddressCbTest">
    <failure type="java.lang.AssertionError" message="expected [true] but found [false]">
      <![CDATA[java.lang.AssertionError: expected [true] but found [false]
at testng.CreatePurchaseSelectCopyBillingAddressCbTest.createMethodPurchaseSelectCopyBillingAddressTest(CreatePurchaseSelectCopyBillingAddressCbTest.java:63)
... Removed 33 stack frames]]>
    </failure>
  </testcase> <!-- createMethodPurchaseSelectCopyBillingAddressTest -->
  <testcase name="createMethodPurchaseSelectCopyBillingAddressShippingAddressEmptyTest" time="20.211" classname="testng.CreatePurchaseSelectCopyBillingAddressShippingAddressEmptyCbTest"/>
  <testcase name="@AfterSuite closeDbConfig" time="0.0" classname="com.crm.SDET35.genericutilities.BaseClass">
    <ignored/>
  </testcase> <!-- @AfterSuite closeDbConfig -->
  <testcase name="@AfterSuite closeDbConfig" time="0.0" classname="com.crm.SDET35.genericutilities.BaseClass">
    <ignored/>
  </testcase> <!-- @AfterSuite closeDbConfig -->
  <testcase name="@AfterSuite closeDbConfig" time="0.0" classname="com.crm.SDET35.genericutilities.BaseClass">
    <ignored/>
  </testcase> <!-- @AfterSuite closeDbConfig -->
  <testcase name="@BeforeSuite dbConfig" time="0.0" classname="com.crm.SDET35.genericutilities.BaseClass">
    <ignored/>
  </testcase> <!-- @BeforeSuite dbConfig -->
  <testcase name="@BeforeSuite dbConfig" time="0.0" classname="com.crm.SDET35.genericutilities.BaseClass">
    <ignored/>
  </testcase> <!-- @BeforeSuite dbConfig -->
  <testcase name="@BeforeSuite dbConfig" time="0.0" classname="com.crm.SDET35.genericutilities.BaseClass">
    <ignored/>
  </testcase> <!-- @BeforeSuite dbConfig -->
</testsuite> <!-- Test -->
